06/26/22 09:05 PM

06/26/22 09:06 PM

06/26/22 09:06 PM

06/26/22 09:07 PM

06/26/22 09:07 PM
1833856840
1833856840
1833856840
1833856840
1833856840
1833856840

06/26/22 09:07 PM
0
0
0
0
0
0

06/26/22 09:09 PM
0
0
0
0
0
0

06/26/22 09:14 PM
000010000000000000000000000000000000000000000100000000000000000000000001000000100000000000000000000000000000000000000100000000000001000000000000000000000000
06/26/22 09:15 PM
00001000000000000000000000
00000000000000000001000000
00000000000000000001000000
10000000000000000000000000
00000000000001000000000000
01000000000000000000000000

06/26/22 09:17 PM
10001000000000000001000000
10001000000000000001000000
10000000000001000001000000
10001000000000000001000000
10000000000001000001000000
11000000000000000001000000

06/26/22 09:43 PM
bat
tannat
eatteaate

06/26/22 09:49 PM
bat
tannat
eatteaate

06/26/22 09:50 PM
bat 
tan nat 
eat tea ate 

